{"/home/webreflection/code/flatstate/test.js":{"path":"/home/webreflection/code/flatstate/test.js","s":{"1":1,"2":1,"3":1,"4":1,"5":1,"6":1,"7":1,"8":1,"9":1,"10":1,"11":1,"12":1,"13":1,"14":1,"15":1,"16":1,"17":1,"18":1,"19":1,"20":1,"21":1,"22":1,"23":1,"24":1},"b":{},"f":{},"fnMap":{},"statementMap":{"1":{"start":{"line":1,"column":0},"end":{"line":1,"column":33}},"2":{"start":{"line":3,"column":0},"end":{"line":3,"column":38}},"3":{"start":{"line":4,"column":0},"end":{"line":4,"column":36}},"4":{"start":{"line":6,"column":0},"end":{"line":6,"column":26}},"5":{"start":{"line":10,"column":0},"end":{"line":10,"column":14}},"6":{"start":{"line":11,"column":0},"end":{"line":11,"column":19}},"7":{"start":{"line":12,"column":0},"end":{"line":12,"column":19}},"8":{"start":{"line":13,"column":0},"end":{"line":13,"column":19}},"9":{"start":{"line":15,"column":0},"end":{"line":18,"column":2}},"10":{"start":{"line":20,"column":0},"end":{"line":20,"column":10}},"11":{"start":{"line":21,"column":0},"end":{"line":21,"column":17}},"12":{"start":{"line":22,"column":0},"end":{"line":25,"column":2}},"13":{"start":{"line":27,"column":0},"end":{"line":27,"column":52}},"14":{"start":{"line":29,"column":0},"end":{"line":29,"column":21}},"15":{"start":{"line":30,"column":0},"end":{"line":30,"column":29}},"16":{"start":{"line":32,"column":0},"end":{"line":32,"column":34}},"17":{"start":{"line":35,"column":0},"end":{"line":35,"column":10}},"18":{"start":{"line":36,"column":0},"end":{"line":36,"column":19}},"19":{"start":{"line":37,"column":0},"end":{"line":37,"column":19}},"20":{"start":{"line":38,"column":0},"end":{"line":38,"column":19}},"21":{"start":{"line":40,"column":0},"end":{"line":43,"column":2}},"22":{"start":{"line":45,"column":0},"end":{"line":45,"column":10}},"23":{"start":{"line":46,"column":0},"end":{"line":46,"column":17}},"24":{"start":{"line":47,"column":0},"end":{"line":50,"column":2}}},"branchMap":{}},"/home/webreflection/code/flatstate/index.js":{"path":"/home/webreflection/code/flatstate/index.js","s":{"1":2,"2":2,"3":4,"4":3,"5":4,"6":4,"7":4,"8":1,"9":10,"10":2,"11":8,"12":2,"13":4,"14":4,"15":8,"16":4,"17":2,"18":2,"19":2},"b":{"1":[2,1],"2":[4,1],"3":[2,1],"4":[8,2],"5":[8,4]},"f":{"1":2,"2":4,"3":4,"4":10,"5":8,"6":4},"fnMap":{"1":{"name":"(anonymous_1)","line":1,"loc":{"start":{"line":1,"column":17},"end":{"line":1,"column":30}}},"2":{"name":"assign","line":5,"loc":{"start":{"line":5,"column":6},"end":{"line":5,"column":28}}},"3":{"name":"setPrototypeOf","line":11,"loc":{"start":{"line":11,"column":6},"end":{"line":11,"column":36}}},"4":{"name":"flatstate","line":16,"loc":{"start":{"line":16,"column":2},"end":{"line":16,"column":28}}},"5":{"name":"setState","line":22,"loc":{"start":{"line":22,"column":23},"end":{"line":22,"column":48}}},"6":{"name":"toJSON","line":28,"loc":{"start":{"line":28,"column":31},"end":{"line":28,"column":49}}}},"statementMap":{"1":{"start":{"line":1,"column":0},"end":{"line":34,"column":11}},"2":{"start":{"line":2,"column":2},"end":{"line":15,"column":3}},"3":{"start":{"line":6,"column":8},"end":{"line":6,"column":45}},"4":{"start":{"line":6,"column":33},"end":{"line":6,"column":45}},"5":{"start":{"line":7,"column":8},"end":{"line":7,"column":17}},"6":{"start":{"line":12,"column":8},"end":{"line":12,"column":24}},"7":{"start":{"line":13,"column":8},"end":{"line":13,"column":17}},"8":{"start":{"line":16,"column":2},"end":{"line":21,"column":3}},"9":{"start":{"line":17,"column":4},"end":{"line":20,"column":15}},"10":{"start":{"line":22,"column":2},"end":{"line":27,"column":4}},"11":{"start":{"line":23,"column":4},"end":{"line":26,"column":6}},"12":{"start":{"line":28,"column":2},"end":{"line":32,"column":4}},"13":{"start":{"line":29,"column":4},"end":{"line":29,"column":20}},"14":{"start":{"line":30,"column":4},"end":{"line":30,"column":37}},"15":{"start":{"line":30,"column":20},"end":{"line":30,"column":37}},"16":{"start":{"line":31,"column":4},"end":{"line":31,"column":15}},"17":{"start":{"line":33,"column":2},"end":{"line":33,"column":19}},"18":{"start":{"line":36,"column":0},"end":{"line":36,"column":49}},"19":{"start":{"line":36,"column":6},"end":{"line":36,"column":33}}},"branchMap":{"1":{"line":4,"type":"binary-expr","locations":[{"start":{"line":4,"column":6},"end":{"line":4,"column":14}},{"start":{"line":5,"column":6},"end":{"line":8,"column":7}}]},"2":{"line":6,"type":"binary-expr","locations":[{"start":{"line":6,"column":23},"end":{"line":6,"column":24}},{"start":{"line":6,"column":28},"end":{"line":6,"column":30}}]},"3":{"line":10,"type":"binary-expr","locations":[{"start":{"line":10,"column":6},"end":{"line":10,"column":22}},{"start":{"line":11,"column":6},"end":{"line":14,"column":7}}]},"4":{"line":17,"type":"cond-expr","locations":[{"start":{"line":18,"column":6},"end":{"line":18,"column":25}},{"start":{"line":19,"column":7},"end":{"line":20,"column":13}}]},"5":{"line":25,"type":"binary-expr","locations":[{"start":{"line":25,"column":6},"end":{"line":25,"column":16}},{"start":{"line":25,"column":20},"end":{"line":25,"column":39}}]}}}}