TN:
SF:/home/webreflection/code/flatstate/test.js
FNF:0
FNH:0
DA:1,1
DA:3,1
DA:4,1
DA:6,1
DA:10,1
DA:11,1
DA:12,1
DA:13,1
DA:15,1
DA:20,1
DA:21,1
DA:22,1
DA:27,1
DA:29,1
DA:30,1
DA:32,1
DA:35,1
DA:36,1
DA:37,1
DA:38,1
DA:40,1
DA:45,1
DA:46,1
DA:47,1
LF:24
LH:24
BRF:0
BRH:0
end_of_record
TN:
SF:/home/webreflection/code/flatstate/index.js
FN:1,(anonymous_1)
FN:5,assign
FN:11,setPrototypeOf
FN:16,flatstate
FN:22,setState
FN:28,toJSON
FNF:6
FNH:6
FNDA:2,(anonymous_1)
FNDA:4,assign
FNDA:4,setPrototypeOf
FNDA:10,flatstate
FNDA:8,setState
FNDA:4,toJSON
DA:1,2
DA:2,2
DA:6,4
DA:7,4
DA:12,4
DA:13,4
DA:16,1
DA:17,10
DA:22,2
DA:23,8
DA:28,2
DA:29,4
DA:30,8
DA:31,4
DA:33,2
DA:36,2
LF:16
LH:16
BRDA:4,1,0,2
BRDA:4,1,1,1
BRDA:6,2,0,4
BRDA:6,2,1,1
BRDA:10,3,0,2
BRDA:10,3,1,1
BRDA:17,4,0,8
BRDA:17,4,1,2
BRDA:25,5,0,8
BRDA:25,5,1,4
BRF:10
BRH:10
end_of_record
